=== puma startup: 2016-09-02 19:29:08 -0300 ===
2016-09-02 19:29:18 -0300: Rack app error: #<RuntimeError: Missing `secret_token` and `secret_key_base` for 'development' environment, set these values in `config/secrets.yml`>
/home/popoto/.rvm/gems/ruby-2.2.3/gems/railties-4.2.6/lib/rails/application.rb:534:in `validate_secret_key_config!'
/home/popoto/.rvm/gems/ruby-2.2.3/gems/railties-4.2.6/lib/rails/application.rb:246:in `env_config'
/home/popoto/.rvm/gems/ruby-2.2.3/gems/railties-4.2.6/lib/rails/engine.rb:514:in `call'
/home/popoto/.rvm/gems/ruby-2.2.3/gems/railties-4.2.6/lib/rails/application.rb:165:in `call'
/home/popoto/.rvm/gems/ruby-2.2.3/gems/rack-1.6.4/lib/rack/content_length.rb:15:in `call'
/home/popoto/.rvm/gems/ruby-2.2.3/gems/puma-3.4.0/lib/puma/configuration.rb:224:in `call'
/home/popoto/.rvm/gems/ruby-2.2.3/gems/puma-3.4.0/lib/puma/server.rb:569:in `handle_request'
/home/popoto/.rvm/gems/ruby-2.2.3/gems/puma-3.4.0/lib/puma/server.rb:406:in `process_client'
/home/popoto/.rvm/gems/ruby-2.2.3/gems/puma-3.4.0/lib/puma/server.rb:271:in `block in run'
/home/popoto/.rvm/gems/ruby-2.2.3/gems/puma-3.4.0/lib/puma/thread_pool.rb:114:in `block in spawn_thread'
2016-09-02 19:29:19 -0300: Rack app error: #<RuntimeError: Missing `secret_token` and `secret_key_base` for 'development' environment, set these values in `config/secrets.yml`>
/home/popoto/.rvm/gems/ruby-2.2.3/gems/railties-4.2.6/lib/rails/application.rb:534:in `validate_secret_key_config!'
/home/popoto/.rvm/gems/ruby-2.2.3/gems/railties-4.2.6/lib/rails/application.rb:246:in `env_config'
/home/popoto/.rvm/gems/ruby-2.2.3/gems/railties-4.2.6/lib/rails/engine.rb:514:in `call'
/home/popoto/.rvm/gems/ruby-2.2.3/gems/railties-4.2.6/lib/rails/application.rb:165:in `call'
/home/popoto/.rvm/gems/ruby-2.2.3/gems/rack-1.6.4/lib/rack/content_length.rb:15:in `call'
/home/popoto/.rvm/gems/ruby-2.2.3/gems/puma-3.4.0/lib/puma/configuration.rb:224:in `call'
/home/popoto/.rvm/gems/ruby-2.2.3/gems/puma-3.4.0/lib/puma/server.rb:569:in `handle_request'
/home/popoto/.rvm/gems/ruby-2.2.3/gems/puma-3.4.0/lib/puma/server.rb:406:in `process_client'
/home/popoto/.rvm/gems/ruby-2.2.3/gems/puma-3.4.0/lib/puma/server.rb:271:in `block in run'
/home/popoto/.rvm/gems/ruby-2.2.3/gems/puma-3.4.0/lib/puma/thread_pool.rb:114:in `block in spawn_thread'
2016-09-02 19:30:12 -0300: Rack app error: #<RuntimeError: Missing `secret_token` and `secret_key_base` for 'development' environment, set these values in `config/secrets.yml`>
/home/popoto/.rvm/gems/ruby-2.2.3/gems/railties-4.2.6/lib/rails/application.rb:534:in `validate_secret_key_config!'
/home/popoto/.rvm/gems/ruby-2.2.3/gems/railties-4.2.6/lib/rails/application.rb:246:in `env_config'
/home/popoto/.rvm/gems/ruby-2.2.3/gems/railties-4.2.6/lib/rails/engine.rb:514:in `call'
/home/popoto/.rvm/gems/ruby-2.2.3/gems/railties-4.2.6/lib/rails/application.rb:165:in `call'
/home/popoto/.rvm/gems/ruby-2.2.3/gems/rack-1.6.4/lib/rack/content_length.rb:15:in `call'
/home/popoto/.rvm/gems/ruby-2.2.3/gems/puma-3.4.0/lib/puma/configuration.rb:224:in `call'
/home/popoto/.rvm/gems/ruby-2.2.3/gems/puma-3.4.0/lib/puma/server.rb:569:in `handle_request'
/home/popoto/.rvm/gems/ruby-2.2.3/gems/puma-3.4.0/lib/puma/server.rb:406:in `process_client'
/home/popoto/.rvm/gems/ruby-2.2.3/gems/puma-3.4.0/lib/puma/server.rb:271:in `block in run'
/home/popoto/.rvm/gems/ruby-2.2.3/gems/puma-3.4.0/lib/puma/thread_pool.rb:114:in `block in spawn_thread'
2016-09-02 19:30:13 -0300: Rack app error: #<RuntimeError: Missing `secret_token` and `secret_key_base` for 'development' environment, set these values in `config/secrets.yml`>
/home/popoto/.rvm/gems/ruby-2.2.3/gems/railties-4.2.6/lib/rails/application.rb:534:in `validate_secret_key_config!'
/home/popoto/.rvm/gems/ruby-2.2.3/gems/railties-4.2.6/lib/rails/application.rb:246:in `env_config'
/home/popoto/.rvm/gems/ruby-2.2.3/gems/railties-4.2.6/lib/rails/engine.rb:514:in `call'
/home/popoto/.rvm/gems/ruby-2.2.3/gems/railties-4.2.6/lib/rails/application.rb:165:in `call'
/home/popoto/.rvm/gems/ruby-2.2.3/gems/rack-1.6.4/lib/rack/content_length.rb:15:in `call'
/home/popoto/.rvm/gems/ruby-2.2.3/gems/puma-3.4.0/lib/puma/configuration.rb:224:in `call'
/home/popoto/.rvm/gems/ruby-2.2.3/gems/puma-3.4.0/lib/puma/server.rb:569:in `handle_request'
/home/popoto/.rvm/gems/ruby-2.2.3/gems/puma-3.4.0/lib/puma/server.rb:406:in `process_client'
/home/popoto/.rvm/gems/ruby-2.2.3/gems/puma-3.4.0/lib/puma/server.rb:271:in `block in run'
/home/popoto/.rvm/gems/ruby-2.2.3/gems/puma-3.4.0/lib/puma/thread_pool.rb:114:in `block in spawn_thread'
=== puma startup: 2016-09-02 19:30:18 -0300 ===
2016-09-02 19:30:20 -0300: Rack app error: #<RuntimeError: Missing `secret_token` and `secret_key_base` for 'development' environment, set these values in `config/secrets.yml`>
/home/popoto/.rvm/gems/ruby-2.2.3/gems/railties-4.2.6/lib/rails/application.rb:534:in `validate_secret_key_config!'
/home/popoto/.rvm/gems/ruby-2.2.3/gems/railties-4.2.6/lib/rails/application.rb:246:in `env_config'
/home/popoto/.rvm/gems/ruby-2.2.3/gems/railties-4.2.6/lib/rails/engine.rb:514:in `call'
/home/popoto/.rvm/gems/ruby-2.2.3/gems/railties-4.2.6/lib/rails/application.rb:165:in `call'
/home/popoto/.rvm/gems/ruby-2.2.3/gems/rack-1.6.4/lib/rack/content_length.rb:15:in `call'
/home/popoto/.rvm/gems/ruby-2.2.3/gems/puma-3.4.0/lib/puma/configuration.rb:224:in `call'
/home/popoto/.rvm/gems/ruby-2.2.3/gems/puma-3.4.0/lib/puma/server.rb:569:in `handle_request'
/home/popoto/.rvm/gems/ruby-2.2.3/gems/puma-3.4.0/lib/puma/server.rb:406:in `process_client'
/home/popoto/.rvm/gems/ruby-2.2.3/gems/puma-3.4.0/lib/puma/server.rb:271:in `block in run'
/home/popoto/.rvm/gems/ruby-2.2.3/gems/puma-3.4.0/lib/puma/thread_pool.rb:114:in `block in spawn_thread'
2016-09-02 19:30:21 -0300: Rack app error: #<RuntimeError: Missing `secret_token` and `secret_key_base` for 'development' environment, set these values in `config/secrets.yml`>
/home/popoto/.rvm/gems/ruby-2.2.3/gems/railties-4.2.6/lib/rails/application.rb:534:in `validate_secret_key_config!'
/home/popoto/.rvm/gems/ruby-2.2.3/gems/railties-4.2.6/lib/rails/application.rb:246:in `env_config'
/home/popoto/.rvm/gems/ruby-2.2.3/gems/railties-4.2.6/lib/rails/engine.rb:514:in `call'
/home/popoto/.rvm/gems/ruby-2.2.3/gems/railties-4.2.6/lib/rails/application.rb:165:in `call'
/home/popoto/.rvm/gems/ruby-2.2.3/gems/rack-1.6.4/lib/rack/content_length.rb:15:in `call'
/home/popoto/.rvm/gems/ruby-2.2.3/gems/puma-3.4.0/lib/puma/configuration.rb:224:in `call'
/home/popoto/.rvm/gems/ruby-2.2.3/gems/puma-3.4.0/lib/puma/server.rb:569:in `handle_request'
/home/popoto/.rvm/gems/ruby-2.2.3/gems/puma-3.4.0/lib/puma/server.rb:406:in `process_client'
/home/popoto/.rvm/gems/ruby-2.2.3/gems/puma-3.4.0/lib/puma/server.rb:271:in `block in run'
/home/popoto/.rvm/gems/ruby-2.2.3/gems/puma-3.4.0/lib/puma/thread_pool.rb:114:in `block in spawn_thread'
2016-09-02 19:30:59 -0300: Rack app error: #<RuntimeError: Missing `secret_token` and `secret_key_base` for 'development' environment, set these values in `config/secrets.yml`>
/home/popoto/.rvm/gems/ruby-2.2.3/gems/railties-4.2.6/lib/rails/application.rb:534:in `validate_secret_key_config!'
/home/popoto/.rvm/gems/ruby-2.2.3/gems/railties-4.2.6/lib/rails/application.rb:246:in `env_config'
/home/popoto/.rvm/gems/ruby-2.2.3/gems/railties-4.2.6/lib/rails/engine.rb:514:in `call'
/home/popoto/.rvm/gems/ruby-2.2.3/gems/railties-4.2.6/lib/rails/application.rb:165:in `call'
/home/popoto/.rvm/gems/ruby-2.2.3/gems/rack-1.6.4/lib/rack/content_length.rb:15:in `call'
/home/popoto/.rvm/gems/ruby-2.2.3/gems/puma-3.4.0/lib/puma/configuration.rb:224:in `call'
/home/popoto/.rvm/gems/ruby-2.2.3/gems/puma-3.4.0/lib/puma/server.rb:569:in `handle_request'
/home/popoto/.rvm/gems/ruby-2.2.3/gems/puma-3.4.0/lib/puma/server.rb:406:in `process_client'
/home/popoto/.rvm/gems/ruby-2.2.3/gems/puma-3.4.0/lib/puma/server.rb:271:in `block in run'
/home/popoto/.rvm/gems/ruby-2.2.3/gems/puma-3.4.0/lib/puma/thread_pool.rb:114:in `block in spawn_thread'
2016-09-02 19:31:00 -0300: Rack app error: #<RuntimeError: Missing `secret_token` and `secret_key_base` for 'development' environment, set these values in `config/secrets.yml`>
/home/popoto/.rvm/gems/ruby-2.2.3/gems/railties-4.2.6/lib/rails/application.rb:534:in `validate_secret_key_config!'
/home/popoto/.rvm/gems/ruby-2.2.3/gems/railties-4.2.6/lib/rails/application.rb:246:in `env_config'
/home/popoto/.rvm/gems/ruby-2.2.3/gems/railties-4.2.6/lib/rails/engine.rb:514:in `call'
/home/popoto/.rvm/gems/ruby-2.2.3/gems/railties-4.2.6/lib/rails/application.rb:165:in `call'
/home/popoto/.rvm/gems/ruby-2.2.3/gems/rack-1.6.4/lib/rack/content_length.rb:15:in `call'
/home/popoto/.rvm/gems/ruby-2.2.3/gems/puma-3.4.0/lib/puma/configuration.rb:224:in `call'
/home/popoto/.rvm/gems/ruby-2.2.3/gems/puma-3.4.0/lib/puma/server.rb:569:in `handle_request'
/home/popoto/.rvm/gems/ruby-2.2.3/gems/puma-3.4.0/lib/puma/server.rb:406:in `process_client'
/home/popoto/.rvm/gems/ruby-2.2.3/gems/puma-3.4.0/lib/puma/server.rb:271:in `block in run'
/home/popoto/.rvm/gems/ruby-2.2.3/gems/puma-3.4.0/lib/puma/thread_pool.rb:114:in `block in spawn_thread'
=== puma startup: 2016-09-02 19:31:06 -0300 ===
2016-09-02 19:31:08 -0300: Rack app error: #<RuntimeError: Missing `secret_token` and `secret_key_base` for 'development' environment, set these values in `config/secrets.yml`>
/home/popoto/.rvm/gems/ruby-2.2.3/gems/railties-4.2.6/lib/rails/application.rb:534:in `validate_secret_key_config!'
/home/popoto/.rvm/gems/ruby-2.2.3/gems/railties-4.2.6/lib/rails/application.rb:246:in `env_config'
/home/popoto/.rvm/gems/ruby-2.2.3/gems/railties-4.2.6/lib/rails/engine.rb:514:in `call'
/home/popoto/.rvm/gems/ruby-2.2.3/gems/railties-4.2.6/lib/rails/application.rb:165:in `call'
/home/popoto/.rvm/gems/ruby-2.2.3/gems/rack-1.6.4/lib/rack/content_length.rb:15:in `call'
/home/popoto/.rvm/gems/ruby-2.2.3/gems/puma-3.4.0/lib/puma/configuration.rb:224:in `call'
/home/popoto/.rvm/gems/ruby-2.2.3/gems/puma-3.4.0/lib/puma/server.rb:569:in `handle_request'
/home/popoto/.rvm/gems/ruby-2.2.3/gems/puma-3.4.0/lib/puma/server.rb:406:in `process_client'
/home/popoto/.rvm/gems/ruby-2.2.3/gems/puma-3.4.0/lib/puma/server.rb:271:in `block in run'
/home/popoto/.rvm/gems/ruby-2.2.3/gems/puma-3.4.0/lib/puma/thread_pool.rb:114:in `block in spawn_thread'
2016-09-02 19:31:08 -0300: Rack app error: #<RuntimeError: Missing `secret_token` and `secret_key_base` for 'development' environment, set these values in `config/secrets.yml`>
/home/popoto/.rvm/gems/ruby-2.2.3/gems/railties-4.2.6/lib/rails/application.rb:534:in `validate_secret_key_config!'
/home/popoto/.rvm/gems/ruby-2.2.3/gems/railties-4.2.6/lib/rails/application.rb:246:in `env_config'
/home/popoto/.rvm/gems/ruby-2.2.3/gems/railties-4.2.6/lib/rails/engine.rb:514:in `call'
/home/popoto/.rvm/gems/ruby-2.2.3/gems/railties-4.2.6/lib/rails/application.rb:165:in `call'
/home/popoto/.rvm/gems/ruby-2.2.3/gems/rack-1.6.4/lib/rack/content_length.rb:15:in `call'
/home/popoto/.rvm/gems/ruby-2.2.3/gems/puma-3.4.0/lib/puma/configuration.rb:224:in `call'
/home/popoto/.rvm/gems/ruby-2.2.3/gems/puma-3.4.0/lib/puma/server.rb:569:in `handle_request'
/home/popoto/.rvm/gems/ruby-2.2.3/gems/puma-3.4.0/lib/puma/server.rb:406:in `process_client'
/home/popoto/.rvm/gems/ruby-2.2.3/gems/puma-3.4.0/lib/puma/server.rb:271:in `block in run'
/home/popoto/.rvm/gems/ruby-2.2.3/gems/puma-3.4.0/lib/puma/thread_pool.rb:114:in `block in spawn_thread'
/home/popoto/.rvm/gems/ruby-2.2.3/gems/rack-1.6.4/lib/rack/server.rb:355:in `delete'/home/popoto/.rvm/gems/ruby-2.2.3/gems/rack-1.6.4/lib/rack/server.rb:355:in `delete': No such file or directory @ unlink_internal - /home/popoto/Downloads/portal-c3-rails/tmp/pids/server.pid:  (No such file or directory @ unlink_internal - /home/popoto/Downloads/portal-c3-rails/tmp/pids/server.pidErrno::ENOENT ()
Errno::ENOENT)
	from /home/popoto/.rvm/gems/ruby-2.2.3/gems/rack-1.6.4/lib/rack/server.rb:355:in `block in write_pid'
	from /home/popoto/.rvm/gems/ruby-2.2.3/gems/rack-1.6.4/lib/rack/server.rb:355:in `block in write_pid'
	from /home/popoto/.rvm/gems/ruby-2.2.3/gems/puma-3.4.0/lib/puma/cluster.rb:120:in `fork'
	from /home/popoto/.rvm/gems/ruby-2.2.3/gems/puma-3.4.0/lib/puma/cluster.rb:120:in `fork'
	from /home/popoto/.rvm/gems/ruby-2.2.3/gems/puma-3.4.0/lib/puma/cluster.rb:120:in `block in spawn_workers'
	from /home/popoto/.rvm/gems/ruby-2.2.3/gems/puma-3.4.0/lib/puma/cluster.rb:120:in `block in spawn_workers'
	from /home/popoto/.rvm/gems/ruby-2.2.3/gems/puma-3.4.0/lib/puma/cluster.rb:116:in `times'
	from /home/popoto/.rvm/gems/ruby-2.2.3/gems/puma-3.4.0/lib/puma/cluster.rb:116:in `times'
	from /home/popoto/.rvm/gems/ruby-2.2.3/gems/puma-3.4.0/lib/puma/cluster.rb:116:in `spawn_workers'
	from /home/popoto/.rvm/gems/ruby-2.2.3/gems/puma-3.4.0/lib/puma/cluster.rb:116:in `spawn_workers'
	from /home/popoto/.rvm/gems/ruby-2.2.3/gems/puma-3.4.0/lib/puma/cluster.rb:178:in `check_workers'
	from /home/popoto/.rvm/gems/ruby-2.2.3/gems/puma-3.4.0/lib/puma/cluster.rb:178:in `check_workers'
	from /home/popoto/.rvm/gems/ruby-2.2.3/gems/puma-3.4.0/lib/puma/cluster.rb:442:in `run'
	from /home/popoto/.rvm/gems/ruby-2.2.3/gems/puma-3.4.0/lib/puma/cluster.rb:442:in `run'
	from /home/popoto/.rvm/gems/ruby-2.2.3/gems/puma-3.4.0/lib/puma/launcher.rb:172:in `run'
	from /home/popoto/.rvm/gems/ruby-2.2.3/gems/puma-3.4.0/lib/puma/launcher.rb:172:in `run'
	from /home/popoto/.rvm/gems/ruby-2.2.3/gems/puma-3.4.0/lib/rack/handler/puma.rb:51:in `run'
	from /home/popoto/.rvm/gems/ruby-2.2.3/gems/puma-3.4.0/lib/rack/handler/puma.rb:51:in `run'
	from /home/popoto/.rvm/gems/ruby-2.2.3/gems/rack-1.6.4/lib/rack/server.rb:286:in `start'
	from /home/popoto/.rvm/gems/ruby-2.2.3/gems/rack-1.6.4/lib/rack/server.rb:286:in `start'
	from /home/popoto/.rvm/gems/ruby-2.2.3/gems/railties-4.2.6/lib/rails/commands/server.rb:80:in `start'
	from /home/popoto/.rvm/gems/ruby-2.2.3/gems/railties-4.2.6/lib/rails/commands/server.rb:80:in `start'
	from /home/popoto/.rvm/gems/ruby-2.2.3/gems/railties-4.2.6/lib/rails/commands/commands_tasks.rb:80:in `block in server'
	from /home/popoto/.rvm/gems/ruby-2.2.3/gems/railties-4.2.6/lib/rails/commands/commands_tasks.rb:80:in `block in server'
	from /home/popoto/.rvm/gems/ruby-2.2.3/gems/railties-4.2.6/lib/rails/commands/commands_tasks.rb:75:in `tap'
	from /home/popoto/.rvm/gems/ruby-2.2.3/gems/railties-4.2.6/lib/rails/commands/commands_tasks.rb:75:in `tap'
	from /home/popoto/.rvm/gems/ruby-2.2.3/gems/railties-4.2.6/lib/rails/commands/commands_tasks.rb:75:in `server'
	from /home/popoto/.rvm/gems/ruby-2.2.3/gems/railties-4.2.6/lib/rails/commands/commands_tasks.rb:75:in `server'
	from /home/popoto/.rvm/gems/ruby-2.2.3/gems/railties-4.2.6/lib/rails/commands/commands_tasks.rb:39:in `run_command!'
	from /home/popoto/.rvm/gems/ruby-2.2.3/gems/railties-4.2.6/lib/rails/commands/commands_tasks.rb:39:in `run_command!'
	from /home/popoto/.rvm/gems/ruby-2.2.3/gems/railties-4.2.6/lib/rails/commands.rb:17:in `<top (required)>'
	from /home/popoto/.rvm/gems/ruby-2.2.3/gems/railties-4.2.6/lib/rails/commands.rb:17:in `<top (required)>'
	from bin/rails:4:in `require'
	from bin/rails:4:in `require'
	from bin/rails:4:in `<main>'
	from bin/rails:4:in `<main>'
/home/popoto/.rvm/gems/ruby-2.2.3/gems/rack-1.6.4/lib/rack/server.rb:355:in `delete': No such file or directory @ unlink_internal - /home/popoto/Downloads/portal-c3-rails/tmp/pids/server.pid (Errno::ENOENT)
	from /home/popoto/.rvm/gems/ruby-2.2.3/gems/rack-1.6.4/lib/rack/server.rb:355:in `block in write_pid'
	from /home/popoto/.rvm/gems/ruby-2.2.3/gems/puma-3.4.0/lib/puma/cluster.rb:120:in `fork'
	from /home/popoto/.rvm/gems/ruby-2.2.3/gems/puma-3.4.0/lib/puma/cluster.rb:120:in `block in spawn_workers'
	from /home/popoto/.rvm/gems/ruby-2.2.3/gems/puma-3.4.0/lib/puma/cluster.rb:116:in `times'
	from /home/popoto/.rvm/gems/ruby-2.2.3/gems/puma-3.4.0/lib/puma/cluster.rb:116:in `spawn_workers'
	from /home/popoto/.rvm/gems/ruby-2.2.3/gems/puma-3.4.0/lib/puma/cluster.rb:424:in `run'
	from /home/popoto/.rvm/gems/ruby-2.2.3/gems/puma-3.4.0/lib/puma/launcher.rb:172:in `run'
	from /home/popoto/.rvm/gems/ruby-2.2.3/gems/puma-3.4.0/lib/rack/handler/puma.rb:51:in `run'
	from /home/popoto/.rvm/gems/ruby-2.2.3/gems/rack-1.6.4/lib/rack/server.rb:286:in `start'
	from /home/popoto/.rvm/gems/ruby-2.2.3/gems/railties-4.2.6/lib/rails/commands/server.rb:80:in `start'
	from /home/popoto/.rvm/gems/ruby-2.2.3/gems/railties-4.2.6/lib/rails/commands/commands_tasks.rb:80:in `block in server'
	from /home/popoto/.rvm/gems/ruby-2.2.3/gems/railties-4.2.6/lib/rails/commands/commands_tasks.rb:75:in `tap'
	from /home/popoto/.rvm/gems/ruby-2.2.3/gems/railties-4.2.6/lib/rails/commands/commands_tasks.rb:75:in `server'
	from /home/popoto/.rvm/gems/ruby-2.2.3/gems/railties-4.2.6/lib/rails/commands/commands_tasks.rb:39:in `run_command!'
	from /home/popoto/.rvm/gems/ruby-2.2.3/gems/railties-4.2.6/lib/rails/commands.rb:17:in `<top (required)>'
	from bin/rails:4:in `require'
	from bin/rails:4:in `<main>'
=== puma startup: 2016-09-27 21:22:17 -0300 ===
2016-09-27 21:23:01 -0300: Rack app error: #<RuntimeError: Missing `secret_token` and `secret_key_base` for 'development' environment, set these values in `config/secrets.yml`>
/usr/lib/ruby/vendor_ruby/rails/application.rb:534:in `validate_secret_key_config!'
/usr/lib/ruby/vendor_ruby/rails/application.rb:246:in `env_config'
/usr/lib/ruby/vendor_ruby/rails/engine.rb:514:in `call'
/usr/lib/ruby/vendor_ruby/rails/application.rb:165:in `call'
/var/lib/gems/2.3.0/gems/rack-1.6.4/lib/rack/content_length.rb:15:in `call'
/var/lib/gems/2.3.0/gems/puma-3.4.0/lib/puma/configuration.rb:224:in `call'
/var/lib/gems/2.3.0/gems/puma-3.4.0/lib/puma/server.rb:569:in `handle_request'
/var/lib/gems/2.3.0/gems/puma-3.4.0/lib/puma/server.rb:406:in `process_client'
/var/lib/gems/2.3.0/gems/puma-3.4.0/lib/puma/server.rb:271:in `block in run'
/var/lib/gems/2.3.0/gems/puma-3.4.0/lib/puma/thread_pool.rb:114:in `block in spawn_thread'
2016-09-27 21:23:01 -0300: Rack app error: #<RuntimeError: Missing `secret_token` and `secret_key_base` for 'development' environment, set these values in `config/secrets.yml`>
/usr/lib/ruby/vendor_ruby/rails/application.rb:534:in `validate_secret_key_config!'
/usr/lib/ruby/vendor_ruby/rails/application.rb:246:in `env_config'
/usr/lib/ruby/vendor_ruby/rails/engine.rb:514:in `call'
/usr/lib/ruby/vendor_ruby/rails/application.rb:165:in `call'
/var/lib/gems/2.3.0/gems/rack-1.6.4/lib/rack/content_length.rb:15:in `call'
/var/lib/gems/2.3.0/gems/puma-3.4.0/lib/puma/configuration.rb:224:in `call'
/var/lib/gems/2.3.0/gems/puma-3.4.0/lib/puma/server.rb:569:in `handle_request'
/var/lib/gems/2.3.0/gems/puma-3.4.0/lib/puma/server.rb:406:in `process_client'
/var/lib/gems/2.3.0/gems/puma-3.4.0/lib/puma/server.rb:271:in `block in run'
/var/lib/gems/2.3.0/gems/puma-3.4.0/lib/puma/thread_pool.rb:114:in `block in spawn_thread'
=== puma startup: 2016-09-27 21:24:16 -0300 ===
2016-09-27 21:24:19 -0300: Rack app error: #<RuntimeError: Missing `secret_token` and `secret_key_base` for 'development' environment, set these values in `config/secrets.yml`>
/usr/lib/ruby/vendor_ruby/rails/application.rb:534:in `validate_secret_key_config!'
/usr/lib/ruby/vendor_ruby/rails/application.rb:246:in `env_config'
/usr/lib/ruby/vendor_ruby/rails/engine.rb:514:in `call'
/usr/lib/ruby/vendor_ruby/rails/application.rb:165:in `call'
/var/lib/gems/2.3.0/gems/rack-1.6.4/lib/rack/content_length.rb:15:in `call'
/var/lib/gems/2.3.0/gems/puma-3.4.0/lib/puma/configuration.rb:224:in `call'
/var/lib/gems/2.3.0/gems/puma-3.4.0/lib/puma/server.rb:569:in `handle_request'
/var/lib/gems/2.3.0/gems/puma-3.4.0/lib/puma/server.rb:406:in `process_client'
/var/lib/gems/2.3.0/gems/puma-3.4.0/lib/puma/server.rb:271:in `block in run'
/var/lib/gems/2.3.0/gems/puma-3.4.0/lib/puma/thread_pool.rb:114:in `block in spawn_thread'
2016-09-27 21:24:20 -0300: Rack app error: #<RuntimeError: Missing `secret_token` and `secret_key_base` for 'development' environment, set these values in `config/secrets.yml`>
/usr/lib/ruby/vendor_ruby/rails/application.rb:534:in `validate_secret_key_config!'
/usr/lib/ruby/vendor_ruby/rails/application.rb:246:in `env_config'
/usr/lib/ruby/vendor_ruby/rails/engine.rb:514:in `call'
/usr/lib/ruby/vendor_ruby/rails/application.rb:165:in `call'
/var/lib/gems/2.3.0/gems/rack-1.6.4/lib/rack/content_length.rb:15:in `call'
/var/lib/gems/2.3.0/gems/puma-3.4.0/lib/puma/configuration.rb:224:in `call'
/var/lib/gems/2.3.0/gems/puma-3.4.0/lib/puma/server.rb:569:in `handle_request'
/var/lib/gems/2.3.0/gems/puma-3.4.0/lib/puma/server.rb:406:in `process_client'
/var/lib/gems/2.3.0/gems/puma-3.4.0/lib/puma/server.rb:271:in `block in run'
/var/lib/gems/2.3.0/gems/puma-3.4.0/lib/puma/thread_pool.rb:114:in `block in spawn_thread'
=== puma startup: 2016-09-27 21:29:01 -0300 ===
2016-09-27 21:29:06 -0300: Rack app error: #<RuntimeError: Missing `secret_token` and `secret_key_base` for 'development' environment, set these values in `config/secrets.yml`>
/usr/lib/ruby/vendor_ruby/rails/application.rb:534:in `validate_secret_key_config!'
/usr/lib/ruby/vendor_ruby/rails/application.rb:246:in `env_config'
/usr/lib/ruby/vendor_ruby/rails/engine.rb:514:in `call'
/usr/lib/ruby/vendor_ruby/rails/application.rb:165:in `call'
/var/lib/gems/2.3.0/gems/rack-1.6.4/lib/rack/content_length.rb:15:in `call'
/var/lib/gems/2.3.0/gems/puma-3.4.0/lib/puma/configuration.rb:224:in `call'
/var/lib/gems/2.3.0/gems/puma-3.4.0/lib/puma/server.rb:569:in `handle_request'
/var/lib/gems/2.3.0/gems/puma-3.4.0/lib/puma/server.rb:406:in `process_client'
/var/lib/gems/2.3.0/gems/puma-3.4.0/lib/puma/server.rb:271:in `block in run'
/var/lib/gems/2.3.0/gems/puma-3.4.0/lib/puma/thread_pool.rb:114:in `block in spawn_thread'
2016-09-27 21:29:07 -0300: Rack app error: #<RuntimeError: Missing `secret_token` and `secret_key_base` for 'development' environment, set these values in `config/secrets.yml`>
/usr/lib/ruby/vendor_ruby/rails/application.rb:534:in `validate_secret_key_config!'
/usr/lib/ruby/vendor_ruby/rails/application.rb:246:in `env_config'
/usr/lib/ruby/vendor_ruby/rails/engine.rb:514:in `call'
/usr/lib/ruby/vendor_ruby/rails/application.rb:165:in `call'
/var/lib/gems/2.3.0/gems/rack-1.6.4/lib/rack/content_length.rb:15:in `call'
/var/lib/gems/2.3.0/gems/puma-3.4.0/lib/puma/configuration.rb:224:in `call'
/var/lib/gems/2.3.0/gems/puma-3.4.0/lib/puma/server.rb:569:in `handle_request'
/var/lib/gems/2.3.0/gems/puma-3.4.0/lib/puma/server.rb:406:in `process_client'
/var/lib/gems/2.3.0/gems/puma-3.4.0/lib/puma/server.rb:271:in `block in run'
/var/lib/gems/2.3.0/gems/puma-3.4.0/lib/puma/thread_pool.rb:114:in `block in spawn_thread'
