=== puma startup: 2016-09-02 19:29:08 -0300 ===
[5917] * Starting control server on unix:///tmp/puma-status-1472855348602-5917
[5917] - Worker 0 (pid: 5925) booted, phase: 0
[5917] - Worker 1 (pid: 5929) booted, phase: 0
[5917] - Worker 2 (pid: 5934) booted, phase: 0
[5917] - Worker 3 (pid: 5939) booted, phase: 0
DEPRECATION WARNING: You didn't set `secret_key_base`. Read the upgrade documentation to learn more about this new config option. (called from validate_secret_key_config! at /home/popoto/.rvm/gems/ruby-2.2.3/gems/railties-4.2.6/lib/rails/application.rb:530)
DEPRECATION WARNING: You didn't set `secret_key_base`. Read the upgrade documentation to learn more about this new config option. (called from validate_secret_key_config! at /home/popoto/.rvm/gems/ruby-2.2.3/gems/railties-4.2.6/lib/rails/application.rb:530)
DEPRECATION WARNING: You didn't set `secret_key_base`. Read the upgrade documentation to learn more about this new config option. (called from validate_secret_key_config! at /home/popoto/.rvm/gems/ruby-2.2.3/gems/railties-4.2.6/lib/rails/application.rb:530)
DEPRECATION WARNING: You didn't set `secret_key_base`. Read the upgrade documentation to learn more about this new config option. (called from validate_secret_key_config! at /home/popoto/.rvm/gems/ruby-2.2.3/gems/railties-4.2.6/lib/rails/application.rb:530)
[5917] - Gracefully shutting down workers...
[5917] === puma shutdown: 2016-09-02 19:30:15 -0300 ===
[5917] - Goodbye!
Exiting
=== puma startup: 2016-09-02 19:30:18 -0300 ===
[6100] * Starting control server on unix:///tmp/puma-status-1472855418908-6100
[6100] - Worker 1 (pid: 6112) booted, phase: 0
[6100] - Worker 2 (pid: 6116) booted, phase: 0
[6100] - Worker 0 (pid: 6108) booted, phase: 0
[6100] - Worker 3 (pid: 6120) booted, phase: 0
DEPRECATION WARNING: You didn't set `secret_key_base`. Read the upgrade documentation to learn more about this new config option. (called from validate_secret_key_config! at /home/popoto/.rvm/gems/ruby-2.2.3/gems/railties-4.2.6/lib/rails/application.rb:530)
DEPRECATION WARNING: You didn't set `secret_key_base`. Read the upgrade documentation to learn more about this new config option. (called from validate_secret_key_config! at /home/popoto/.rvm/gems/ruby-2.2.3/gems/railties-4.2.6/lib/rails/application.rb:530)
DEPRECATION WARNING: You didn't set `secret_key_base`. Read the upgrade documentation to learn more about this new config option. (called from validate_secret_key_config! at /home/popoto/.rvm/gems/ruby-2.2.3/gems/railties-4.2.6/lib/rails/application.rb:530)
DEPRECATION WARNING: You didn't set `secret_key_base`. Read the upgrade documentation to learn more about this new config option. (called from validate_secret_key_config! at /home/popoto/.rvm/gems/ruby-2.2.3/gems/railties-4.2.6/lib/rails/application.rb:530)
[6100] - Gracefully shutting down workers...
[6100] === puma shutdown: 2016-09-02 19:31:03 -0300 ===
[6100] - Goodbye!
Exiting
=== puma startup: 2016-09-02 19:31:06 -0300 ===
[6207] * Starting control server on unix:///tmp/puma-status-1472855466194-6207
[6207] - Worker 0 (pid: 6217) booted, phase: 0
[6207] - Worker 1 (pid: 6221) booted, phase: 0
[6207] - Worker 2 (pid: 6225) booted, phase: 0
[6207] - Worker 3 (pid: 6231) booted, phase: 0
DEPRECATION WARNING: You didn't set `secret_key_base`. Read the upgrade documentation to learn more about this new config option. (called from validate_secret_key_config! at /home/popoto/.rvm/gems/ruby-2.2.3/gems/railties-4.2.6/lib/rails/application.rb:530)
DEPRECATION WARNING: You didn't set `secret_key_base`. Read the upgrade documentation to learn more about this new config option. (called from validate_secret_key_config! at /home/popoto/.rvm/gems/ruby-2.2.3/gems/railties-4.2.6/lib/rails/application.rb:530)
[6207] ! Terminating timed out worker: 6217
[6207] ! Terminating timed out worker: 6225
[6207] ! Terminating timed out worker: 6231
[6207] ! Out-of-sync worker list, no 6225 worker
[6207] ! Out-of-sync worker list, no 6217 worker
[6207] ! Out-of-sync worker list, no 6231 worker
[6207] - Worker 0 (pid: 9916) booted, phase: 0
[6207] - Worker 2 (pid: 9919) booted, phase: 0
[6207] - Worker 3 (pid: 9923) booted, phase: 0
[6207] - Gracefully shutting down workers...
[6207] === puma shutdown: 2016-09-02 23:22:54 -0300 ===
[6207] - Goodbye!
Exiting
=== puma startup: 2016-09-27 21:22:17 -0300 ===
[15884] * Starting control server on unix:///tmp/puma-status-1475022137932-15884
[15884] - Worker 0 (pid: 16163) booted, phase: 0
[15884] - Worker 2 (pid: 16171) booted, phase: 0
[15884] - Worker 1 (pid: 16167) booted, phase: 0
[15884] - Worker 3 (pid: 16175) booted, phase: 0
DEPRECATION WARNING: You didn't set `secret_key_base`. Read the upgrade documentation to learn more about this new config option. (called from call at /var/lib/gems/2.3.0/gems/rack-1.6.4/lib/rack/content_length.rb:15)
DEPRECATION WARNING: You didn't set `secret_key_base`. Read the upgrade documentation to learn more about this new config option. (called from call at /var/lib/gems/2.3.0/gems/rack-1.6.4/lib/rack/content_length.rb:15)
[15884] - Gracefully shutting down workers...
[15884] === puma shutdown: 2016-09-27 21:24:07 -0300 ===
[15884] - Goodbye!
Exiting
=== puma startup: 2016-09-27 21:24:16 -0300 ===
[17112] * Starting control server on unix:///tmp/puma-status-1475022256967-17112
[17112] - Worker 0 (pid: 17120) booted, phase: 0
[17112] - Worker 2 (pid: 17128) booted, phase: 0
[17112] - Worker 1 (pid: 17123) booted, phase: 0
[17112] - Worker 3 (pid: 17132) booted, phase: 0
DEPRECATION WARNING: You didn't set `secret_key_base`. Read the upgrade documentation to learn more about this new config option. (called from call at /var/lib/gems/2.3.0/gems/rack-1.6.4/lib/rack/content_length.rb:15)
DEPRECATION WARNING: You didn't set `secret_key_base`. Read the upgrade documentation to learn more about this new config option. (called from call at /var/lib/gems/2.3.0/gems/rack-1.6.4/lib/rack/content_length.rb:15)
[17112] - Gracefully shutting down workers...
[17112] === puma shutdown: 2016-09-27 21:28:38 -0300 ===
[17112] - Goodbye!
Exiting
=== puma startup: 2016-09-27 21:29:01 -0300 ===
[18716] * Starting control server on unix:///tmp/puma-status-1475022541668-18716
[18716] - Worker 0 (pid: 18730) booted, phase: 0
[18716] - Worker 1 (pid: 18734) booted, phase: 0
[18716] - Worker 2 (pid: 18738) booted, phase: 0
[18716] - Worker 3 (pid: 18742) booted, phase: 0
DEPRECATION WARNING: You didn't set `secret_key_base`. Read the upgrade documentation to learn more about this new config option. (called from call at /var/lib/gems/2.3.0/gems/rack-1.6.4/lib/rack/content_length.rb:15)
DEPRECATION WARNING: You didn't set `secret_key_base`. Read the upgrade documentation to learn more about this new config option. (called from call at /var/lib/gems/2.3.0/gems/rack-1.6.4/lib/rack/content_length.rb:15)
[18716] - Gracefully shutting down workers...
[18716] === puma shutdown: 2016-09-27 21:33:09 -0300 ===
[18716] - Goodbye!
Exiting
